<?xml version="1.0" encoding="UTF-8"?>
<!-- Generated by org.testng.reporters.JUnitReportReporter -->
<testsuite hostname="MAHFUJ-1B5SPLO" failures="0" tests="1" name="cool.CopyfromGIT" time="10.789" errors="0" timestamp="2020-06-21T10:55:10 EDT" skipped="0">
  <testcase classname="cool.CopyfromGIT" name="signupFacebook" time="10.789"/>
  <system-out/>
</testsuite> <!-- cool.CopyfromGIT -->
