<?xml version="1.0" encoding="UTF-8"?>
<!-- Generated by org.testng.reporters.JUnitReportReporter -->
<testsuite hostname="MAHFUJ-1B5SPLO" failures="0" tests="1" name="cool.CoolTest" time="5.541" errors="0" timestamp="2020-06-14T17:36:06 EDT" skipped="0">
  <testcase classname="cool.CoolTest" name="openBrowser" time="5.541"/>
  <system-out/>
</testsuite> <!-- cool.CoolTest -->
